Evaluating /home/cta106/CMPT431/assignments/assignment5/triangle_counting_parallel
Using 4 workers
Executing Testcase 1
Evaluating strategy 1
srun -n 4 /home/cta106/CMPT431/assignments/assignment5/triangle_counting_parallel --strategy 1 --inputFile /scratch/input_graphs/lj
Test case 1 exited with exit code : 0
Evaluating Test case 1...
Validation successful
Your parallel execution time, T : 25.782422 seconds
Expected parallel execution time, T_expected : 29.0 seconds
Ideally, T should be equal to (or less than) T_expected
Evaluation successful
Evaluation script exited with exit code : 0
Executing Testcase 2
Evaluating strategy 2
srun -n 4 /home/cta106/CMPT431/assignments/assignment5/triangle_counting_parallel --strategy 2 --inputFile /scratch/input_graphs/lj
Test case 2 exited with exit code : 0
Evaluating Test case 2...
VALIDATION FAILED: Total triangles found = 0
VALIDATION FAILED: Total unique triangles = 0
VALIDATION FAILED: Thread statistics only found for 0 threads
Validation failed
Evaluation script exited with exit code : 1
Using 4 workers
Executing Testcase 3
Evaluating strategy 1
srun -n 4 /home/cta106/CMPT431/assignments/assignment5/triangle_counting_parallel --strategy 1 --inputFile /scratch/input_graphs/rmat
Test case 3 exited with exit code : 0
Evaluating Test case 3...
Validation successful
Your parallel execution time, T : 3.753771 seconds
Expected parallel execution time, T_expected : 4.5 seconds
Ideally, T should be equal to (or less than) T_expected
Evaluation successful
Evaluation script exited with exit code : 0
Executing Testcase 4
Evaluating strategy 2
srun -n 4 /home/cta106/CMPT431/assignments/assignment5/triangle_counting_parallel --strategy 2 --inputFile /scratch/input_graphs/rmat
Test case 4 exited with exit code : 0
Evaluating Test case 4...
VALIDATION FAILED: Total triangles found = 0
VALIDATION FAILED: Total unique triangles = 0
VALIDATION FAILED: Thread statistics only found for 0 threads
Validation failed
Evaluation script exited with exit code : 1
